
            _ _ _
           | (_) |
  _ __ __ _| |_| |_ ___
 | '__/ _  | | | __/ _ \   The lightweight, distributed
 | | | (_| | | | ||  __/   relational database.
 |_|  \__, |_|_|\__\___|
         | |               www.rqlite.io
         |_|

[rqlited] 2024/03/05 09:52:41 rqlited starting, version 8, SQLite 3.45.1, commit unknown, branch unknown, compiler gc
[rqlited] 2024/03/05 09:52:41 go1.21.4, target architecture is amd64, operating system target is windows
[rqlited] 2024/03/05 09:52:41 launch command: rqlited.exe -http-addr=localhost:4003 -raft-addr=localhost:5003 -raft-log-level=DEBUG -raft-timeout=2s -bootstrap-expect=3 -join=localhost:5001,localhost:5002,localhost:5003 -raft-election-timeout=10s Node3
[rqlited] 2024/03/05 09:52:41 Raft TCP mux Listener registered with byte header 1
[mux] 2024/03/05 09:52:41 mux serving on 127.0.0.1:5003, advertising localhost:5003
[rqlited] 2024/03/05 09:52:41 no preexisting node state detected in C:\Projects\rqlite-throubleshoot\Node3, node may be bootstrapping
[cluster] 2024/03/05 09:52:41 service listening on localhost:5003
[rqlited] 2024/03/05 09:52:41 cluster TCP mux Listener registered with byte header 2
[http] 2024/03/05 09:52:41 execute queue processing started with capacity 1024, batch size 128, timeout 50ms
[http] 2024/03/05 09:52:41 service listening on 127.0.0.1:4003
[store] 2024/03/05 09:52:41 opening store with node ID localhost:5003, listening on localhost:5003
[store] 2024/03/05 09:52:41 ensuring data directory exists at C:\Projects\rqlite-throubleshoot\Node3
[store] 2024/03/05 09:52:41 old snapshot directory C:\Projects\rqlite-throubleshoot\Node3\snapshots does not exist, nothing to upgrade
[snapshot-store] 2024/03/05 09:52:41 store initialized using C:\Projects\rqlite-throubleshoot\Node3\rsnapshots
[snapshot-store] 2024/03/05 09:52:41 checking consistency of snapshot store at C:\Projects\rqlite-throubleshoot\Node3\rsnapshots
[snapshot-store] 2024/03/05 09:52:41 check complete
[store] 2024/03/05 09:52:41 0 preexisting snapshots present
[raft] 2024/03/05 09:52:41 [INFO]  initial configuration: index=0 servers=[]
[raft] 2024/03/05 09:52:41 [INFO]  entering follower state: follower="Node at localhost:5003 [Follower]" leader-address= leader-id=
[rqlited] 2024/03/05 09:52:41 checking that supplied join addresses don't serve HTTP(S)
[mux] 2024/03/05 09:52:41 handler not registered for request from 127.0.0.1:61420: 71 (unsupported protocol?)
[mux] 2024/03/05 09:52:41 handler not registered for request from 127.0.0.1:61425: 22 (unsupported protocol?)
[mux] 2024/03/05 09:52:41 handler not registered for request from 127.0.0.1:61438: 71 (unsupported protocol?)
[mux] 2024/03/05 09:52:41 handler not registered for request from 127.0.0.1:61442: 22 (unsupported protocol?)
[mux] 2024/03/05 09:52:41 handler not registered for request from 127.0.0.1:61440: 71 (unsupported protocol?)
[mux] 2024/03/05 09:52:41 handler not registered for request from 127.0.0.1:61447: 22 (unsupported protocol?)
[cluster-join] 2024/03/05 09:52:41 failed to join via node at localhost:5001: no leader
[cluster-join] 2024/03/05 09:52:41 failed to join via node at localhost:5002: no leader
[cluster-join] 2024/03/05 09:52:41 failed to join via node at localhost:5003: no leader
[cluster-join] 2024/03/05 09:52:41 failed to join cluster at [localhost:5001 localhost:5002 localhost:5003], after 1 attempt(s)
[cluster-bootstrap] 2024/03/05 09:52:41 succeeded notifying all targets: [localhost:5001 localhost:5002 localhost:5003]
[store] 2024/03/05 09:52:41 reached expected bootstrap count of 3, starting cluster bootstrap
[store] 2024/03/05 09:52:41 cluster bootstrap successful, servers: [{Voter localhost:5001 localhost:5001} {Voter localhost:5003 localhost:5003} {Voter localhost:5002 localhost:5002}]
[raft] 2024/03/05 09:52:43 [DEBUG] lost leadership because received a requestVote with a newer term
[cluster-bootstrap] 2024/03/05 09:52:44 boot operation marked done
[rqlited] 2024/03/05 09:52:44 node HTTP API available at http://localhost:4003
[rqlited] 2024/03/05 09:52:44 connect using the command-line tool via 'rqlite -H localhost -p 4003'
[raft] 2024/03/05 09:52:46 [INFO]  entering candidate state: node="Node at localhost:5003 [Candidate]" term=3
[raft] 2024/03/05 09:52:46 [DEBUG] asking for vote: term=3 from=localhost:5001 address=localhost:5001
[raft] 2024/03/05 09:52:46 [DEBUG] voting for self: term=3 id=localhost:5003
[raft] 2024/03/05 09:52:46 [ERROR] failed to make requestVote RPC: target="{Voter localhost:5001 localhost:5001}" error="dial tcp [::1]:5001: connectex: No connection could be made because the target machine actively refused it." term=3
[raft] 2024/03/05 09:52:46 [DEBUG] asking for vote: term=3 from=localhost:5002 address=localhost:5002
[raft] 2024/03/05 09:52:46 [DEBUG] calculated votes needed: needed=2 term=3
[raft] 2024/03/05 09:52:46 [DEBUG] vote granted: from=localhost:5003 term=3 tally=1
[raft] 2024/03/05 09:52:46 [DEBUG] vote granted: from=localhost:5002 term=3 tally=2
[raft] 2024/03/05 09:52:46 [INFO]  election won: term=3 tally=2
[raft] 2024/03/05 09:52:46 [INFO]  entering leader state: leader="Node at localhost:5003 [Leader]"
[raft] 2024/03/05 09:52:46 [INFO]  added peer, starting replication: peer=localhost:5001
[raft] 2024/03/05 09:52:46 [INFO]  added peer, starting replication: peer=localhost:5002
[raft] 2024/03/05 09:52:46 [ERROR] failed to appendEntries to: peer="{Voter localhost:5002 localhost:5002}" error=EOF
[raft] 2024/03/05 09:52:46 [ERROR] failed to appendEntries to: peer="{Voter localhost:5001 localhost:5001}" error="dial tcp [::1]:5001: connectex: No connection could be made because the target machine actively refused it."
2024-03-05T09:52:46.127-0300 [ERROR] raft-net: failed to decode incoming command: error="read tcp 127.0.0.1:5003->127.0.0.1:61528: wsarecv: An existing connection was forcibly closed by the remote host."
[rqlited] 2024/03/05 09:52:46 received signal "interrupt"
[http] 2024/03/05 09:52:46 closing HTTP service on 127.0.0.1:4003
[http] 2024/03/05 09:52:46 HTTP service on 127.0.0.1:4003 stopped: http: Server closed
[rqlited] 2024/03/05 09:52:46 stepping down as Leader before shutdown
[raft] 2024/03/05 09:52:46 [DEBUG] starting leadership transfer: id=<nil> address=<nil>
[raft] 2024/03/05 09:52:46 [ERROR] failed to appendEntries to: peer="{Voter localhost:5001 localhost:5001}" error="dial tcp [::1]:5001: connectex: No connection could be made because the target machine actively refused it."
[raft] 2024/03/05 09:52:46 [ERROR] failed to appendEntries to: peer="{Voter localhost:5002 localhost:5002}" error="dial tcp [::1]:5002: connectex: No connection could be made because the target machine actively refused it."
[raft] 2024/03/05 09:52:46 [ERROR] failed to appendEntries to: peer="{Voter localhost:5001 localhost:5001}" error="dial tcp [::1]:5001: connectex: No connection could be made because the target machine actively refused it."
[raft] 2024/03/05 09:52:46 [ERROR] failed to appendEntries to: peer="{Voter localhost:5001 localhost:5001}" error="dial tcp [::1]:5001: connectex: No connection could be made because the target machine actively refused it."
[raft] 2024/03/05 09:52:46 [ERROR] failed to appendEntries to: peer="{Voter localhost:5001 localhost:5001}" error="dial tcp [::1]:5001: connectex: No connection could be made because the target machine actively refused it."
[raft] 2024/03/05 09:52:46 [ERROR] failed to appendEntries to: peer="{Voter localhost:5002 localhost:5002}" error="dial tcp [::1]:5002: connectex: No connection could be made because the target machine actively refused it."
[raft] 2024/03/05 09:52:46 [ERROR] failed to appendEntries to: peer="{Voter localhost:5001 localhost:5001}" error="dial tcp [::1]:5001: connectex: No connection could be made because the target machine actively refused it."
[raft] 2024/03/05 09:52:46 [ERROR] failed to appendEntries to: peer="{Voter localhost:5002 localhost:5002}" error="dial tcp [::1]:5002: connectex: No connection could be made because the target machine actively refused it."
[raft] 2024/03/05 09:52:46 [ERROR] failed to heartbeat to: peer=localhost:5002 backoff time=10ms error="dial tcp [::1]:5002: connectex: No connection could be made because the target machine actively refused it."
[raft] 2024/03/05 09:52:46 [ERROR] failed to heartbeat to: peer=localhost:5001 backoff time=10ms error="dial tcp [::1]:5001: connectex: No connection could be made because the target machine actively refused it."
[raft] 2024/03/05 09:52:46 [ERROR] failed to appendEntries to: peer="{Voter localhost:5002 localhost:5002}" error="dial tcp [::1]:5002: connectex: No connection could be made because the target machine actively refused it."
[raft] 2024/03/05 09:52:46 [ERROR] failed to appendEntries to: peer="{Voter localhost:5001 localhost:5001}" error="dial tcp [::1]:5001: connectex: No connection could be made because the target machine actively refused it."
[raft] 2024/03/05 09:52:46 [WARN]  failed to contact: server-id=localhost:5001 time=511.7161ms
[raft] 2024/03/05 09:52:46 [WARN]  failed to contact: server-id=localhost:5002 time=511.7161ms
[raft] 2024/03/05 09:52:46 [WARN]  failed to contact quorum of nodes, stepping down
[raft] 2024/03/05 09:52:46 [INFO]  entering follower state: follower="Node at localhost:5003 [Follower]" leader-address= leader-id=
[raft] 2024/03/05 09:52:46 [DEBUG] lost leadership during transfer (expected)
[raft] 2024/03/05 09:52:46 [ERROR] failed to appendEntries to: peer="{Voter localhost:5001 localhost:5001}" error="dial tcp [::1]:5001: connectex: No connection could be made because the target machine actively refused it."
[raft] 2024/03/05 09:52:46 [ERROR] failed to appendEntries to: peer="{Voter localhost:5002 localhost:5002}" error="dial tcp [::1]:5002: connectex: No connection could be made because the target machine actively refused it."
[store] 2024/03/05 09:52:46 store closed with node ID localhost:5003, listening on localhost:5003
[rqlited] 2024/03/05 09:52:46 rqlite server stopped

            _ _ _
           | (_) |
  _ __ __ _| |_| |_ ___
 | '__/ _  | | | __/ _ \   The lightweight, distributed
 | | | (_| | | | ||  __/   relational database.
 |_|  \__, |_|_|\__\___|
         | |               www.rqlite.io
         |_|

[rqlited] 2024/03/05 09:52:46 rqlited starting, version 8, SQLite 3.45.1, commit unknown, branch unknown, compiler gc
[rqlited] 2024/03/05 09:52:46 go1.21.4, target architecture is amd64, operating system target is windows
[rqlited] 2024/03/05 09:52:46 launch command: rqlited.exe -http-addr=localhost:4003 -raft-addr=localhost:5003 -raft-log-level=DEBUG -raft-timeout=2s -raft-election-timeout=10s Node3
[rqlited] 2024/03/05 09:52:46 Raft TCP mux Listener registered with byte header 1
[rqlited] 2024/03/05 09:52:46 preexisting node state detected in C:\Projects\rqlite-throubleshoot\Node3
[mux] 2024/03/05 09:52:46 mux serving on 127.0.0.1:5003, advertising localhost:5003
[cluster] 2024/03/05 09:52:46 service listening on localhost:5003
[rqlited] 2024/03/05 09:52:46 cluster TCP mux Listener registered with byte header 2
[http] 2024/03/05 09:52:46 execute queue processing started with capacity 1024, batch size 128, timeout 50ms
[http] 2024/03/05 09:52:46 service listening on 127.0.0.1:4003
[store] 2024/03/05 09:52:46 opening store with node ID localhost:5003, listening on localhost:5003
[store] 2024/03/05 09:52:46 ensuring data directory exists at C:\Projects\rqlite-throubleshoot\Node3
[store] 2024/03/05 09:52:46 old snapshot directory C:\Projects\rqlite-throubleshoot\Node3\snapshots does not exist, nothing to upgrade
[snapshot-store] 2024/03/05 09:52:46 store initialized using C:\Projects\rqlite-throubleshoot\Node3\rsnapshots
[snapshot-store] 2024/03/05 09:52:46 checking consistency of snapshot store at C:\Projects\rqlite-throubleshoot\Node3\rsnapshots
[snapshot-store] 2024/03/05 09:52:46 check complete
[store] 2024/03/05 09:52:46 0 preexisting snapshots present
[store] 2024/03/05 09:52:46 attempting node recovery using C:\Projects\rqlite-throubleshoot\Node3\raft\peers.json
[store] [recovery] 2024/03/05 09:52:46 recovery detected 0 snapshots
[store] [recovery] 2024/03/05 09:52:46 last index is 0, last index written to log is 3
[store] [recovery] 2024/03/05 09:52:46 recovery snapshot created successfully using C:\Projects\rqlite-throubleshoot\Node3\recovery.db
[store] 2024/03/05 09:52:46 node recovered successfully using C:\Projects\rqlite-throubleshoot\Node3\raft\peers.json
[raft] 2024/03/05 09:52:46 [INFO]  starting restore from snapshot: id=3-3-1709643166756 last-index=3 last-term=3 size-in-bytes=4096
[store] 2024/03/05 09:52:46 initiating node restore on node ID localhost:5003
[store] 2024/03/05 09:52:46 successfully opened database at C:\Projects\rqlite-throubleshoot\Node3\db.sqlite due to restore
[store] 2024/03/05 09:52:46 node restored in 34.6972ms
[raft] 2024/03/05 09:52:46 [INFO]  snapshot restore progress: id=3-3-1709643166756 last-index=3 last-term=3 size-in-bytes=4096 read-bytes=4096 percent-complete="100.00%"
[raft] 2024/03/05 09:52:46 [INFO]  restored from snapshot: id=3-3-1709643166756 last-index=3 last-term=3 size-in-bytes=4096
[raft] 2024/03/05 09:52:46 [INFO]  initial configuration: index=1 servers="[{Suffrage:Voter ID:localhost:5001 Address:localhost:5001} {Suffrage:Voter ID:localhost:5002 Address:localhost:5002} {Suffrage:Voter ID:localhost:5003 Address:localhost:5003}]"
[raft] 2024/03/05 09:52:46 [INFO]  entering follower state: follower="Node at localhost:5003 [Follower]" leader-address= leader-id=
[rqlited] 2024/03/05 09:52:46 node HTTP API available at http://localhost:4003
[rqlited] 2024/03/05 09:52:46 connect using the command-line tool via 'rqlite -H localhost -p 4003'
[raft] 2024/03/05 09:52:49 [INFO]  duplicate requestVote for same term: term=3
[raft] 2024/03/05 09:52:49 [DEBUG] lost leadership because received a requestVote with a newer term
[raft] 2024/03/05 09:52:49 [WARN]  rejecting vote request since our last term is greater: candidate=localhost:5002 last-term=3 last-candidate-term=2
[raft] 2024/03/05 09:52:49 [WARN]  failed to get previous log: previous-index=2 last-index=3 error="log not found"
[raft] 2024/03/05 09:52:49 [INFO]  snapshot network transfer progress: read-bytes=4096 percent-complete="100.00%"
[raft] 2024/03/05 09:52:49 [INFO]  copied to local snapshot: bytes=4096
[raft] 2024/03/05 09:52:49 [ERROR] failed to restore snapshot: error="failed to open snapshot 2-2-1709643169116: open C:\Projects\rqlite-throubleshoot\Node3\rsnapshots\2-2-1709643169116\meta.json: The system cannot find the path specified."
[raft] 2024/03/05 09:52:49 [INFO]  snapshot network transfer progress: read-bytes=4096 percent-complete="100.00%"
[raft] 2024/03/05 09:52:49 [INFO]  copied to local snapshot: bytes=4096
[raft] 2024/03/05 09:52:49 [ERROR] failed to restore snapshot: error="failed to open snapshot 2-2-1709643169247: open C:\Projects\rqlite-throubleshoot\Node3\rsnapshots\2-2-1709643169247\meta.json: The system cannot find the path specified."
[raft] 2024/03/05 09:52:49 [INFO]  snapshot network transfer progress: read-bytes=4096 percent-complete="100.00%"
[raft] 2024/03/05 09:52:49 [INFO]  copied to local snapshot: bytes=4096
[raft] 2024/03/05 09:52:49 [ERROR] failed to restore snapshot: error="failed to open snapshot 2-2-1709643169370: open C:\Projects\rqlite-throubleshoot\Node3\rsnapshots\2-2-1709643169370\meta.json: The system cannot find the path specified."
[raft] 2024/03/05 09:52:49 [INFO]  snapshot network transfer progress: read-bytes=4096 percent-complete="100.00%"
[raft] 2024/03/05 09:52:49 [INFO]  copied to local snapshot: bytes=4096
[raft] 2024/03/05 09:52:49 [ERROR] failed to restore snapshot: error="failed to open snapshot 2-2-1709643169492: open C:\Projects\rqlite-throubleshoot\Node3\rsnapshots\2-2-1709643169492\meta.json: The system cannot find the path specified."
[raft] 2024/03/05 09:52:49 [INFO]  snapshot network transfer progress: read-bytes=4096 percent-complete="100.00%"
[raft] 2024/03/05 09:52:49 [INFO]  copied to local snapshot: bytes=4096
[raft] 2024/03/05 09:52:49 [ERROR] failed to restore snapshot: error="failed to open snapshot 2-2-1709643169647: open C:\Projects\rqlite-throubleshoot\Node3\rsnapshots\2-2-1709643169647\meta.json: The system cannot find the path specified."
[raft] 2024/03/05 09:52:49 [INFO]  snapshot network transfer progress: read-bytes=4096 percent-complete="100.00%"
[raft] 2024/03/05 09:52:49 [INFO]  copied to local snapshot: bytes=4096
[raft] 2024/03/05 09:52:49 [ERROR] failed to restore snapshot: error="failed to open snapshot 2-2-1709643169847: open C:\Projects\rqlite-throubleshoot\Node3\rsnapshots\2-2-1709643169847\meta.json: The system cannot find the path specified."
[raft] 2024/03/05 09:52:50 [INFO]  snapshot network transfer progress: read-bytes=4096 percent-complete="100.00%"
[raft] 2024/03/05 09:52:50 [INFO]  copied to local snapshot: bytes=4096
[raft] 2024/03/05 09:52:50 [ERROR] failed to restore snapshot: error="failed to open snapshot 2-2-1709643170111: open C:\Projects\rqlite-throubleshoot\Node3\rsnapshots\2-2-1709643170111\meta.json: The system cannot find the path specified."
[raft] 2024/03/05 09:52:50 [INFO]  snapshot network transfer progress: read-bytes=4096 percent-complete="100.00%"
[raft] 2024/03/05 09:52:50 [INFO]  copied to local snapshot: bytes=4096
[raft] 2024/03/05 09:52:50 [ERROR] failed to restore snapshot: error="failed to open snapshot 2-2-1709643170550: open C:\Projects\rqlite-throubleshoot\Node3\rsnapshots\2-2-1709643170550\meta.json: The system cannot find the path specified."
[raft] 2024/03/05 09:52:51 [INFO]  snapshot network transfer progress: read-bytes=4096 percent-complete="100.00%"
[raft] 2024/03/05 09:52:51 [INFO]  copied to local snapshot: bytes=4096
[raft] 2024/03/05 09:52:51 [ERROR] failed to restore snapshot: error="failed to open snapshot 2-2-1709643171326: open C:\Projects\rqlite-throubleshoot\Node3\rsnapshots\2-2-1709643171326\meta.json: The system cannot find the path specified."
[raft] 2024/03/05 09:52:52 [INFO]  snapshot network transfer progress: read-bytes=4096 percent-complete="100.00%"
[raft] 2024/03/05 09:52:52 [INFO]  copied to local snapshot: bytes=4096
[raft] 2024/03/05 09:52:52 [ERROR] failed to restore snapshot: error="failed to open snapshot 2-2-1709643172720: open C:\Projects\rqlite-throubleshoot\Node3\rsnapshots\2-2-1709643172720\meta.json: The system cannot find the path specified."
[raft] 2024/03/05 09:52:55 [INFO]  snapshot network transfer progress: read-bytes=4096 percent-complete="100.00%"
[raft] 2024/03/05 09:52:55 [INFO]  copied to local snapshot: bytes=4096
[raft] 2024/03/05 09:52:55 [ERROR] failed to restore snapshot: error="failed to open snapshot 2-2-1709643175384: open C:\Projects\rqlite-throubleshoot\Node3\rsnapshots\2-2-1709643175384\meta.json: The system cannot find the path specified."
[raft] 2024/03/05 09:53:00 [INFO]  snapshot network transfer progress: read-bytes=4096 percent-complete="100.00%"
[raft] 2024/03/05 09:53:00 [INFO]  copied to local snapshot: bytes=4096
[raft] 2024/03/05 09:53:00 [ERROR] failed to restore snapshot: error="failed to open snapshot 2-2-1709643180617: open C:\Projects\rqlite-throubleshoot\Node3\rsnapshots\2-2-1709643180617\meta.json: The system cannot find the path specified."
[raft] 2024/03/05 09:53:05 [ERROR] failed to take snapshot: error="nothing new to snapshot"
[raft] 2024/03/05 09:53:10 [INFO]  snapshot network transfer progress: read-bytes=4096 percent-complete="100.00%"
[raft] 2024/03/05 09:53:10 [INFO]  copied to local snapshot: bytes=4096
[raft] 2024/03/05 09:53:10 [ERROR] failed to restore snapshot: error="failed to open snapshot 2-2-1709643190959: open C:\Projects\rqlite-throubleshoot\Node3\rsnapshots\2-2-1709643190959\meta.json: The system cannot find the path specified."
[raft] 2024/03/05 09:53:17 [ERROR] failed to take snapshot: error="nothing new to snapshot"
[raft] 2024/03/05 09:53:21 [INFO]  snapshot network transfer progress: read-bytes=4096 percent-complete="100.00%"
[raft] 2024/03/05 09:53:21 [INFO]  copied to local snapshot: bytes=4096
[raft] 2024/03/05 09:53:21 [ERROR] failed to restore snapshot: error="failed to open snapshot 2-2-1709643201302: open C:\Projects\rqlite-throubleshoot\Node3\rsnapshots\2-2-1709643201302\meta.json: The system cannot find the path specified."
[raft] 2024/03/05 09:53:31 [ERROR] failed to take snapshot: error="nothing new to snapshot"
[raft] 2024/03/05 09:53:31 [INFO]  snapshot network transfer progress: read-bytes=4096 percent-complete="100.00%"
[raft] 2024/03/05 09:53:31 [INFO]  copied to local snapshot: bytes=4096
[raft] 2024/03/05 09:53:31 [ERROR] failed to restore snapshot: error="failed to open snapshot 2-2-1709643211681: open C:\Projects\rqlite-throubleshoot\Node3\rsnapshots\2-2-1709643211681\meta.json: The system cannot find the path specified."
[raft] 2024/03/05 09:53:42 [INFO]  snapshot network transfer progress: read-bytes=4096 percent-complete="100.00%"
[raft] 2024/03/05 09:53:42 [INFO]  copied to local snapshot: bytes=4096
[raft] 2024/03/05 09:53:42 [ERROR] failed to restore snapshot: error="failed to open snapshot 2-2-1709643222026: open C:\Projects\rqlite-throubleshoot\Node3\rsnapshots\2-2-1709643222026\meta.json: The system cannot find the path specified."
[raft] 2024/03/05 09:53:46 [ERROR] failed to take snapshot: error="nothing new to snapshot"
2024-03-05T09:53:49.684-0300 [ERROR] raft-net: failed to decode incoming command: error="read tcp 127.0.0.1:5003->127.0.0.1:61581: wsarecv: An existing connection was forcibly closed by the remote host."
[raft] 2024/03/05 09:53:49 [INFO]  snapshot network transfer progress: read-bytes=4096 percent-complete="100.00%"
[raft] 2024/03/05 09:53:49 [INFO]  copied to local snapshot: bytes=4096
[raft] 2024/03/05 09:53:49 [ERROR] failed to restore snapshot: error="failed to open snapshot 2-2-1709643229693: open C:\Projects\rqlite-throubleshoot\Node3\rsnapshots\2-2-1709643229693\meta.json: The system cannot find the path specified."
[rqlited] 2024/03/05 09:53:49 received signal "interrupt"
[http] 2024/03/05 09:53:49 closing HTTP service on 127.0.0.1:4003
[http] 2024/03/05 09:53:49 HTTP service on 127.0.0.1:4003 stopped: http: Server closed
[store] 2024/03/05 09:53:49 store closed with node ID localhost:5003, listening on localhost:5003
[rqlited] 2024/03/05 09:53:49 rqlite server stopped
